<?xml version="1.0" encoding="UTF-8"?>
<!-- Generated by org.testng.reporters.JUnitReportReporter -->
<testsuite hostname="HYD01-SANKAR-LT" name="rough_pack.ReporterDemo" tests="1" failures="0" timestamp="16 Mar 2016 09:16:29 GMT" time="8.950" errors="0">
  <testcase name="testreport" time="8.950" classname="rough_pack.ReporterDemo"/>
</testsuite> <!-- rough_pack.ReporterDemo -->
